Performing C SOURCE FILE Test FLAG_SUPPORTED_Wcomma failed with the following output:
Change Dir: /home/romeu/dev/aim/build/CMakeFiles/CMakeTmp

Run Build Command(s):/usr/bin/ninja cmTC_afe84 && [1/2] Building C object CMakeFiles/cmTC_afe84.dir/src.c.o
FAILED: CMakeFiles/cmTC_afe84.dir/src.c.o 
/usr/bin/cc -DFLAG_SUPPORTED_Wcomma  -std=c89 -pedantic -Wall -Wextra -Werror -Wstrict-prototypes -Wwrite-strings -Wshadow -Winit-self -Wcast-align -Wformat=2 -Wmissing-prototypes -Wstrict-overflow=2 -Wcast-qual -Wundef -Wswitch-default -Wconversion -Wc++-compat -fstack-protector-strong    -Wcomma -o CMakeFiles/cmTC_afe84.dir/src.c.o -c /home/romeu/dev/aim/build/CMakeFiles/CMakeTmp/src.c
cc: error: unrecognized command-line option '-Wcomma'; did you mean '-Wcomment'?
ninja: build stopped: subcommand failed.


Source file was:
int main(void) { return 0; }
Performing C SOURCE FILE Test FLAG_SUPPORTED_Wmissingvariabledeclarations failed with the following output:
Change Dir: /home/romeu/dev/aim/build/CMakeFiles/CMakeTmp

Run Build Command(s):/usr/bin/ninja cmTC_5cf07 && [1/2] Building C object CMakeFiles/cmTC_5cf07.dir/src.c.o
FAILED: CMakeFiles/cmTC_5cf07.dir/src.c.o 
/usr/bin/cc -DFLAG_SUPPORTED_Wmissingvariabledeclarations  -std=c89 -pedantic -Wall -Wextra -Werror -Wstrict-prototypes -Wwrite-strings -Wshadow -Winit-self -Wcast-align -Wformat=2 -Wmissing-prototypes -Wstrict-overflow=2 -Wcast-qual -Wundef -Wswitch-default -Wconversion -Wc++-compat -fstack-protector-strong -Wdouble-promotion -Wparentheses -Wformat-overflow -Wunused-macros    -Wmissing-variable-declarations -o CMakeFiles/cmTC_5cf07.dir/src.c.o -c /home/romeu/dev/aim/build/CMakeFiles/CMakeTmp/src.c
cc: error: unrecognized command-line option '-Wmissing-variable-declarations'; did you mean '-Wmissing-declarations'?
ninja: build stopped: subcommand failed.


Source file was:
int main(void) { return 0; }
Performing C SOURCE FILE Test FLAG_SUPPORTED_Wusedbutmarkedunused failed with the following output:
Change Dir: /home/romeu/dev/aim/build/CMakeFiles/CMakeTmp

Run Build Command(s):/usr/bin/ninja cmTC_64938 && [1/2] Building C object CMakeFiles/cmTC_64938.dir/src.c.o
FAILED: CMakeFiles/cmTC_64938.dir/src.c.o 
/usr/bin/cc -DFLAG_SUPPORTED_Wusedbutmarkedunused  -std=c89 -pedantic -Wall -Wextra -Werror -Wstrict-prototypes -Wwrite-strings -Wshadow -Winit-self -Wcast-align -Wformat=2 -Wmissing-prototypes -Wstrict-overflow=2 -Wcast-qual -Wundef -Wswitch-default -Wconversion -Wc++-compat -fstack-protector-strong -Wdouble-promotion -Wparentheses -Wformat-overflow -Wunused-macros    -Wused-but-marked-unused -o CMakeFiles/cmTC_64938.dir/src.c.o -c /home/romeu/dev/aim/build/CMakeFiles/CMakeTmp/src.c
cc: error: unrecognized command-line option '-Wused-but-marked-unused'
ninja: build stopped: subcommand failed.


Source file was:
int main(void) { return 0; }
